<?xml version="1.0" ?>
<coverage version="7.4.4" timestamp="1713520800" lines-valid="24" lines-covered="13" line-rate="0.5417" branches-covered="0" branches-valid="0" branch-rate="0" complexity="0">
  <packages>
    <package name="src" line-rate="0.5417" branch-rate="0" complexity="0">
      <classes>
        <class name="calculator.py" filename="src/calculator.py" line-rate="0.7273" branch-rate="0" complexity="0">
          <lines>
            <line number="1" hits="1"/>
            <line number="2" hits="1"/>
            <line number="3" hits="1"/>
            <line number="5" hits="1"/>
            <line number="6" hits="1"/>
            <line number="7" hits="0"/>
            <line number="8" hits="0"/>
            <line number="9" hits="0"/>
            <line number="10" hits="1"/>
            <line number="11" hits="1"/>
            <line number="12" hits="1"/>
          </lines>
        </class>
        <class name="utils.py" filename="src/utils.py" line-rate="1.0" branch-rate="0" complexity="0">
          <lines>
            <line number="1" hits="1"/>
            <line number="2" hits="1"/>
            <line number="3" hits="1"/>
            <line number="4" hits="1"/>
            <line number="5" hits="1"/>
          </lines>
        </class>
        <class name="untested.py" filename="src/untested.py" line-rate="0.0" branch-rate="0" complexity="0">
          <lines>
            <line number="1" hits="0"/>
            <line number="2" hits="0"/>
            <line number="3" hits="0"/>
            <line number="4" hits="0"/>
            <line number="5" hits="0"/>
            <line number="6" hits="0"/>
            <line number="7" hits="0"/>
            <line number="8" hits="0"/>
          </lines>
        </class>
      </classes>
    </package>
  </packages>
</coverage>
