{
  "meta": {
    "version": "7.4.4",
    "timestamp": "2024-04-19T10:00:00.000000",
    "branch_coverage": false,
    "show_contexts": false
  },
  "files": {
    "src/calculator.py": {
      "executed_lines": [1, 2, 3, 5, 6, 10, 11, 12],
      "summary": {
        "covered_lines": 8,
        "num_statements": 11,
        "percent_covered": 72.72727272727273,
        "percent_covered_display": "73",
        "missing_lines": 3,
        "excluded_lines": 0
      },
      "missing_lines": [7, 8, 9],
      "excluded_lines": []
    },
    "src/utils.py": {
      "executed_lines": [1, 2, 3, 4, 5],
      "summary": {
        "covered_lines": 5,
        "num_statements": 5,
        "percent_covered": 100.0,
        "percent_covered_display": "100",
        "missing_lines": 0,
        "excluded_lines": 0
      },
      "missing_lines": [],
      "excluded_lines": []
    },
    "src/untested.py": {
      "executed_lines": [],
      "summary": {
        "covered_lines": 0,
        "num_statements": 8,
        "percent_covered": 0.0,
        "percent_covered_display": "0",
        "missing_lines": 8,
        "excluded_lines": 0
      },
      "missing_lines": [1, 2, 3, 4, 5, 6, 7, 8],
      "excluded_lines": []
    }
  },
  "totals": {
    "covered_lines": 13,
    "num_statements": 24,
    "percent_covered": 54.166666666666664,
    "percent_covered_display": "54",
    "missing_lines": 11,
    "excluded_lines": 0
  }
}
